<?xml version="1.0" encoding="UTF-8"?>
<testng-results ignored="0" total="1" passed="1" failed="0" skipped="0">
  <reporter-output>
  </reporter-output>
  <suite started-at="2023-08-05T22:04:59 IST" name="Default suite" finished-at="2023-08-05T22:05:21 IST" duration-ms="22195">
    <groups>
    </groups>
    <test started-at="2023-08-05T22:04:59 IST" name="Default test" finished-at="2023-08-05T22:05:21 IST" duration-ms="22195">
      <class name="HomePage.Dropdown1Test">
        <test-method is-config="true" signature="beforeClass()[pri:0, instance:HomePage.Dropdown1Test@3b69e7d1]" started-at="2023-08-05T22:04:59 IST" name="beforeClass" finished-at="2023-08-05T22:05:08 IST" duration-ms="9464" status="PASS">
          <reporter-output>
          </reporter-output>
        </test-method> <!-- beforeClass -->
        <test-method is-config="true" signature="beforeMethod()[pri:0, instance:HomePage.Dropdown1Test@3b69e7d1]" started-at="2023-08-05T22:05:08 IST" name="beforeMethod" finished-at="2023-08-05T22:05:08 IST" duration-ms="1" status="PASS">
          <reporter-output>
          </reporter-output>
        </test-method> <!-- beforeMethod -->
        <test-method signature="DD1()[pri:0, instance:HomePage.Dropdown1Test@3b69e7d1]" started-at="2023-08-05T22:05:08 IST" name="DD1" finished-at="2023-08-05T22:05:21 IST" duration-ms="12406" status="PASS">
          <reporter-output>
          </reporter-output>
        </test-method> <!-- DD1 -->
        <test-method is-config="true" signature="afterMethod(org.testng.ITestResult)[pri:0, instance:HomePage.Dropdown1Test@3b69e7d1]" started-at="2023-08-05T22:05:21 IST" name="afterMethod" finished-at="2023-08-05T22:05:21 IST" duration-ms="8" status="PASS">
          <params>
            <param index="0">
              <value>
                <![CDATA[[TestResult name=DD1 status=SUCCESS method=Dropdown1Test.DD1()[pri:0, instance:HomePage.Dropdown1Test@3b69e7d1] output={null}]]]>
              </value>
            </param>
          </params>
          <reporter-output>
          </reporter-output>
        </test-method> <!-- afterMethod -->
        <test-method is-config="true" signature="afterclass()[pri:0, instance:HomePage.Dropdown1Test@3b69e7d1]" started-at="2023-08-05T22:05:21 IST" name="afterclass" finished-at="2023-08-05T22:05:21 IST" duration-ms="252" status="PASS">
          <reporter-output>
          </reporter-output>
        </test-method> <!-- afterclass -->
      </class> <!-- HomePage.Dropdown1Test -->
    </test> <!-- Default test -->
  </suite> <!-- Default suite -->
</testng-results>
